2024-11-06 11:32:18,108 INFO o.a.j.u.JMeterUtils: Setting Locale to en_EN
2024-11-06 11:32:18,137 INFO o.a.j.JMeter: Loading user properties from: C:\apache-jmeter-5.6.3\bin\user.properties
2024-11-06 11:32:18,138 INFO o.a.j.JMeter: Loading system properties from: C:\apache-jmeter-5.6.3\bin\system.properties
2024-11-06 11:32:18,145 INFO o.a.j.JMeter: Copyright (c) 1998-2024 The Apache Software Foundation
2024-11-06 11:32:18,146 INFO o.a.j.JMeter: Version 5.6.3
2024-11-06 11:32:18,146 INFO o.a.j.JMeter: java.version=17.0.13
2024-11-06 11:32:18,146 INFO o.a.j.JMeter: java.vm.name=Java HotSpot(TM) 64-Bit Server VM
2024-11-06 11:32:18,146 INFO o.a.j.JMeter: os.name=Windows 10
2024-11-06 11:32:18,160 INFO o.a.j.JMeter: os.arch=amd64
2024-11-06 11:32:18,160 INFO o.a.j.JMeter: os.version=10.0
2024-11-06 11:32:18,160 INFO o.a.j.JMeter: file.encoding=Cp1252
2024-11-06 11:32:18,160 INFO o.a.j.JMeter: java.awt.headless=true
2024-11-06 11:32:18,160 INFO o.a.j.JMeter: Max memory     =1073741824
2024-11-06 11:32:18,160 INFO o.a.j.JMeter: Available Processors =4
2024-11-06 11:32:18,171 INFO o.a.j.JMeter: Default Locale=English (EN)
2024-11-06 11:32:18,171 INFO o.a.j.JMeter: JMeter  Locale=English (EN)
2024-11-06 11:32:18,171 INFO o.a.j.JMeter: JMeterHome=C:\apache-jmeter-5.6.3
2024-11-06 11:32:18,171 INFO o.a.j.JMeter: user.dir  =C:\Users\DJ\Documents\GitHub\concurrency-code-challenge-vertx\jmeter
2024-11-06 11:32:18,172 INFO o.a.j.JMeter: PWD       =C:\Users\DJ\Documents\GitHub\concurrency-code-challenge-vertx\jmeter
2024-11-06 11:32:18,173 INFO o.a.j.JMeter: IP: 192.168.1.68 Name: DESKTOP-0HIINPC FullName: DESKTOP-0HIINPC
2024-11-06 11:32:18,187 INFO o.a.j.JMeter: Setting property 'jmeter.reportgenerator.outputdir' to:'C:\Users\DJ\Documents\GitHub\concurrency-code-challenge-vertx\jmeter\test-reports'
2024-11-06 11:32:18,191 INFO o.a.j.s.FileServer: Default base='C:\Users\DJ\Documents\GitHub\concurrency-code-challenge-vertx\jmeter'
2024-11-06 11:32:18,193 INFO o.a.j.s.FileServer: Set new base='C:\Users\DJ\Documents\GitHub\concurrency-code-challenge-vertx\jmeter'
2024-11-06 11:32:18,457 INFO o.a.j.s.SaveService: Testplan (JMX) version: 2.2. Testlog (JTL) version: 2.2
2024-11-06 11:32:18,489 INFO o.a.j.s.SaveService: Using SaveService properties version 5.0
2024-11-06 11:32:18,494 INFO o.a.j.s.SaveService: Using SaveService properties file encoding UTF-8
2024-11-06 11:32:18,499 INFO o.a.j.s.SaveService: Loading file: C:\Users\DJ\Documents\GitHub\concurrency-code-challenge-vertx\jmeter\test-plan-vertx.jmx
2024-11-06 11:32:18,601 INFO o.a.j.p.h.s.HTTPSamplerBase: Parser for text/html is org.apache.jmeter.protocol.http.parser.LagartoBasedHtmlParser
2024-11-06 11:32:18,601 INFO o.a.j.p.h.s.HTTPSamplerBase: Parser for application/xhtml+xml is org.apache.jmeter.protocol.http.parser.LagartoBasedHtmlParser
2024-11-06 11:32:18,601 INFO o.a.j.p.h.s.HTTPSamplerBase: Parser for application/xml is org.apache.jmeter.protocol.http.parser.LagartoBasedHtmlParser
2024-11-06 11:32:18,602 INFO o.a.j.p.h.s.HTTPSamplerBase: Parser for text/xml is org.apache.jmeter.protocol.http.parser.LagartoBasedHtmlParser
2024-11-06 11:32:18,602 INFO o.a.j.p.h.s.HTTPSamplerBase: Parser for text/vnd.wap.wml is org.apache.jmeter.protocol.http.parser.RegexpHTMLParser
2024-11-06 11:32:18,602 INFO o.a.j.p.h.s.HTTPSamplerBase: Parser for text/css is org.apache.jmeter.protocol.http.parser.CssParser
2024-11-06 11:32:18,645 INFO o.a.j.JMeter: Creating summariser <summary>
2024-11-06 11:32:18,653 INFO o.a.j.r.d.ReportGenerator: ReportGenerator will use for Parsing the separator: ','
2024-11-06 11:32:18,653 INFO o.a.j.r.d.ReportGenerator: Will generate report at end of test from  results file: C:\Users\DJ\Documents\GitHub\concurrency-code-challenge-vertx\jmeter\result.log
2024-11-06 11:32:18,653 INFO o.a.j.r.d.ReportGenerator: Reading report generator properties from: C:\apache-jmeter-5.6.3\bin\reportgenerator.properties
2024-11-06 11:32:18,654 INFO o.a.j.r.d.ReportGenerator: Merging with JMeter properties
2024-11-06 11:32:18,660 INFO o.a.j.r.c.ReportGeneratorConfiguration: Property 'jmeter.reportgenerator.temp_dir' not found, using default value 'temp' instead.
2024-11-06 11:32:18,663 INFO o.a.j.r.c.ReportGeneratorConfiguration: Property 'jmeter.reportgenerator.apdex_per_transaction' not found, using default value 'null' instead.
2024-11-06 11:32:18,663 INFO o.a.j.r.c.ReportGeneratorConfiguration: apdex_per_transaction is empty, not APDEX per transaction customization
2024-11-06 11:32:18,663 INFO o.a.j.r.c.ReportGeneratorConfiguration: Property 'jmeter.reportgenerator.sample_filter' not found, using default value 'null' instead.
2024-11-06 11:32:18,664 INFO o.a.j.r.c.ReportGeneratorConfiguration: Property 'jmeter.reportgenerator.report_title' not found, using default value 'null' instead.
2024-11-06 11:32:18,664 INFO o.a.j.r.c.ReportGeneratorConfiguration: Property 'jmeter.reportgenerator.start_date' not found, using default value 'null' instead.
2024-11-06 11:32:18,664 INFO o.a.j.r.c.ReportGeneratorConfiguration: Property 'jmeter.reportgenerator.end_date' not found, using default value 'null' instead.
2024-11-06 11:32:18,664 INFO o.a.j.r.c.ReportGeneratorConfiguration: Property 'jmeter.reportgenerator.date_format' not found, using default value 'null' instead.
2024-11-06 11:32:18,666 INFO o.a.j.r.c.ReportGeneratorConfiguration: Will use date range start date: null, end date: null
2024-11-06 11:32:18,671 INFO o.a.j.r.c.ReportGeneratorConfiguration: Property 'jmeter.reportgenerator.graph.totalTPS.exclude_controllers' not found, using default value 'false' instead.
2024-11-06 11:32:18,671 INFO o.a.j.r.c.ReportGeneratorConfiguration: Property 'jmeter.reportgenerator.graph.activeThreadsOverTime.exclude_controllers' not found, using default value 'false' instead.
2024-11-06 11:32:18,671 INFO o.a.j.r.c.ReportGeneratorConfiguration: Property 'jmeter.reportgenerator.graph.timeVsThreads.exclude_controllers' not found, using default value 'false' instead.
2024-11-06 11:32:18,672 INFO o.a.j.r.c.ReportGeneratorConfiguration: Property 'jmeter.reportgenerator.graph.responseTimeDistribution.exclude_controllers' not found, using default value 'false' instead.
2024-11-06 11:32:18,672 INFO o.a.j.r.c.ReportGeneratorConfiguration: Property 'jmeter.reportgenerator.graph.transactionsPerSecond.exclude_controllers' not found, using default value 'false' instead.
2024-11-06 11:32:18,672 INFO o.a.j.r.c.ReportGeneratorConfiguration: Property 'jmeter.reportgenerator.graph.responseTimePercentiles.exclude_controllers' not found, using default value 'false' instead.
2024-11-06 11:32:18,672 INFO o.a.j.r.c.ReportGeneratorConfiguration: Property 'jmeter.reportgenerator.graph.responseTimePercentilesOverTime.exclude_controllers' not found, using default value 'false' instead.
2024-11-06 11:32:18,672 INFO o.a.j.r.c.ReportGeneratorConfiguration: Property 'jmeter.reportgenerator.graph.responseTimesOverTime.exclude_controllers' not found, using default value 'false' instead.
2024-11-06 11:32:18,673 INFO o.a.j.r.c.ReportGeneratorConfiguration: Property 'jmeter.reportgenerator.graph.connectTimeOverTime.exclude_controllers' not found, using default value 'false' instead.
2024-11-06 11:32:18,673 INFO o.a.j.r.c.ReportGeneratorConfiguration: Property 'jmeter.reportgenerator.graph.latenciesOverTime.exclude_controllers' not found, using default value 'false' instead.
2024-11-06 11:32:18,674 INFO o.a.j.r.c.ReportGeneratorConfiguration: Property 'jmeter.reportgenerator.exporter.json.filters_only_sample_series' not found, using default value 'true' instead.
2024-11-06 11:32:18,674 INFO o.a.j.r.c.ReportGeneratorConfiguration: Property 'jmeter.reportgenerator.exporter.json.series_filter' not found, using default value '' instead.
2024-11-06 11:32:18,674 INFO o.a.j.r.c.ReportGeneratorConfiguration: Property 'jmeter.reportgenerator.exporter.json.show_controllers_only' not found, using default value 'false' instead.
2024-11-06 11:32:18,675 INFO o.a.j.r.c.ReportGeneratorConfiguration: Property 'jmeter.reportgenerator.exporter.html.filters_only_sample_series' not found, using default value 'true' instead.
2024-11-06 11:32:18,675 INFO o.a.j.r.c.ReportGeneratorConfiguration: Property 'jmeter.reportgenerator.exporter.html.series_filter' not found, using default value '' instead.
2024-11-06 11:32:18,675 INFO o.a.j.r.c.ReportGeneratorConfiguration: Property 'jmeter.reportgenerator.exporter.html.show_controllers_only' not found, using default value 'false' instead.
2024-11-06 11:32:18,694 INFO o.a.j.e.StandardJMeterEngine: Running the test!
2024-11-06 11:32:18,695 INFO o.a.j.s.SampleEvent: List of sample_variables: []
2024-11-06 11:32:18,695 INFO o.a.j.s.SampleEvent: List of sample_variables: []
2024-11-06 11:32:18,704 INFO o.a.j.e.u.CompoundVariable: Note: Function class names must contain the string: '.functions.'
2024-11-06 11:32:18,704 INFO o.a.j.e.u.CompoundVariable: Note: Function class names must not contain the string: '.gui.'
2024-11-06 11:32:18,823 INFO o.a.j.JMeter: Running test (1730917938823)
2024-11-06 11:32:18,845 INFO o.a.j.e.StandardJMeterEngine: Starting ThreadGroup: 1 : Grupo de Hilos
2024-11-06 11:32:18,845 INFO o.a.j.e.StandardJMeterEngine: Starting 50 threads for group Grupo de Hilos.
2024-11-06 11:32:18,845 INFO o.a.j.e.StandardJMeterEngine: Thread will continue on error
2024-11-06 11:32:18,845 INFO o.a.j.t.ThreadGroup: Starting thread group... number=1 threads=50 ramp-up=1 delayedStart=false
2024-11-06 11:32:18,853 INFO o.a.j.t.JMeterThread: Thread started: Grupo de Hilos 1-1
2024-11-06 11:32:18,871 INFO o.a.j.t.JMeterThread: Thread started: Grupo de Hilos 1-2
2024-11-06 11:32:18,890 INFO o.a.j.t.JMeterThread: Thread started: Grupo de Hilos 1-3
2024-11-06 11:32:18,890 INFO o.a.j.t.ThreadGroup: Started thread group number 1
2024-11-06 11:32:18,891 INFO o.a.j.e.StandardJMeterEngine: All thread groups have been started
2024-11-06 11:32:18,893 INFO o.a.j.p.h.s.HTTPHCAbstractImpl: Local host = DESKTOP-0HIINPC
2024-11-06 11:32:18,901 INFO o.a.j.p.h.s.HTTPHC4Impl: HTTP request retry count = 0
2024-11-06 11:32:18,903 INFO o.a.j.s.SampleResult: Note: Sample TimeStamps are START times
2024-11-06 11:32:18,903 INFO o.a.j.s.SampleResult: sampleresult.default.encoding is set to UTF-8
2024-11-06 11:32:18,903 INFO o.a.j.s.SampleResult: sampleresult.useNanoTime=true
2024-11-06 11:32:18,903 INFO o.a.j.s.SampleResult: sampleresult.nanoThreadSleep=5000
2024-11-06 11:32:18,915 INFO o.a.j.t.JMeterThread: Thread started: Grupo de Hilos 1-4
2024-11-06 11:32:18,939 INFO o.a.j.t.JMeterThread: Thread started: Grupo de Hilos 1-5
2024-11-06 11:32:18,959 INFO o.a.j.t.JMeterThread: Thread started: Grupo de Hilos 1-6
2024-11-06 11:32:18,984 INFO o.a.j.t.JMeterThread: Thread started: Grupo de Hilos 1-7
2024-11-06 11:32:19,004 INFO o.a.j.t.JMeterThread: Thread started: Grupo de Hilos 1-8
2024-11-06 11:32:19,022 INFO o.a.j.t.JMeterThread: Thread started: Grupo de Hilos 1-9
2024-11-06 11:32:19,039 INFO o.a.j.t.JMeterThread: Thread started: Grupo de Hilos 1-10
2024-11-06 11:32:19,057 INFO o.a.j.t.JMeterThread: Thread started: Grupo de Hilos 1-11
2024-11-06 11:32:19,076 INFO o.a.j.t.JMeterThread: Thread started: Grupo de Hilos 1-12
2024-11-06 11:32:19,098 INFO o.a.j.t.JMeterThread: Thread started: Grupo de Hilos 1-13
2024-11-06 11:32:19,117 INFO o.a.j.t.JMeterThread: Thread started: Grupo de Hilos 1-14
2024-11-06 11:32:19,133 INFO o.a.j.t.JMeterThread: Thread started: Grupo de Hilos 1-15
2024-11-06 11:32:19,150 INFO o.a.j.t.JMeterThread: Thread started: Grupo de Hilos 1-16
2024-11-06 11:32:19,179 INFO o.a.j.t.JMeterThread: Thread started: Grupo de Hilos 1-17
2024-11-06 11:32:19,188 INFO o.a.j.t.JMeterThread: Thread started: Grupo de Hilos 1-18
2024-11-06 11:32:19,214 INFO o.a.j.t.JMeterThread: Thread started: Grupo de Hilos 1-19
2024-11-06 11:32:19,244 INFO o.a.j.t.JMeterThread: Thread started: Grupo de Hilos 1-20
2024-11-06 11:32:19,250 INFO o.a.j.t.JMeterThread: Thread started: Grupo de Hilos 1-21
2024-11-06 11:32:19,269 INFO o.a.j.t.JMeterThread: Thread started: Grupo de Hilos 1-22
2024-11-06 11:32:19,289 INFO o.a.j.t.JMeterThread: Thread started: Grupo de Hilos 1-23
2024-11-06 11:32:19,324 INFO o.a.j.t.JMeterThread: Thread started: Grupo de Hilos 1-24
2024-11-06 11:32:19,330 INFO o.a.j.t.JMeterThread: Thread started: Grupo de Hilos 1-25
2024-11-06 11:32:19,349 INFO o.a.j.t.JMeterThread: Thread started: Grupo de Hilos 1-26
2024-11-06 11:32:19,382 INFO o.a.j.t.JMeterThread: Thread started: Grupo de Hilos 1-27
2024-11-06 11:32:19,425 INFO o.a.j.t.JMeterThread: Thread started: Grupo de Hilos 1-28
2024-11-06 11:32:19,434 INFO o.a.j.t.JMeterThread: Thread started: Grupo de Hilos 1-29
2024-11-06 11:32:19,447 INFO o.a.j.t.JMeterThread: Thread started: Grupo de Hilos 1-30
2024-11-06 11:32:19,460 INFO o.a.j.t.JMeterThread: Thread started: Grupo de Hilos 1-31
2024-11-06 11:32:19,476 INFO o.a.j.t.JMeterThread: Thread started: Grupo de Hilos 1-32
2024-11-06 11:32:19,498 INFO o.a.j.t.JMeterThread: Thread started: Grupo de Hilos 1-33
2024-11-06 11:32:19,531 INFO o.a.j.t.JMeterThread: Thread started: Grupo de Hilos 1-34
2024-11-06 11:32:19,548 INFO o.a.j.t.JMeterThread: Thread started: Grupo de Hilos 1-35
2024-11-06 11:32:19,580 INFO o.a.j.t.JMeterThread: Thread started: Grupo de Hilos 1-36
2024-11-06 11:32:19,581 INFO o.a.j.t.JMeterThread: Thread started: Grupo de Hilos 1-37
2024-11-06 11:32:19,623 INFO o.a.j.t.JMeterThread: Thread started: Grupo de Hilos 1-38
2024-11-06 11:32:19,628 INFO o.a.j.t.JMeterThread: Thread started: Grupo de Hilos 1-39
2024-11-06 11:32:19,639 INFO o.a.j.t.JMeterThread: Thread started: Grupo de Hilos 1-40
2024-11-06 11:32:19,655 INFO o.a.j.t.JMeterThread: Thread started: Grupo de Hilos 1-41
2024-11-06 11:32:19,676 INFO o.a.j.t.JMeterThread: Thread started: Grupo de Hilos 1-42
2024-11-06 11:32:19,698 INFO o.a.j.t.JMeterThread: Thread started: Grupo de Hilos 1-43
2024-11-06 11:32:19,713 INFO o.a.j.t.JMeterThread: Thread started: Grupo de Hilos 1-44
2024-11-06 11:32:19,733 INFO o.a.j.t.JMeterThread: Thread started: Grupo de Hilos 1-45
2024-11-06 11:32:19,753 INFO o.a.j.t.JMeterThread: Thread started: Grupo de Hilos 1-46
2024-11-06 11:32:19,774 INFO o.a.j.t.JMeterThread: Thread started: Grupo de Hilos 1-47
2024-11-06 11:32:19,793 INFO o.a.j.t.JMeterThread: Thread started: Grupo de Hilos 1-48
2024-11-06 11:32:19,814 INFO o.a.j.t.JMeterThread: Thread started: Grupo de Hilos 1-49
2024-11-06 11:32:19,832 INFO o.a.j.t.JMeterThread: Thread started: Grupo de Hilos 1-50
2024-11-06 11:32:30,053 INFO o.a.j.r.Summariser: summary +   9768 in 00:00:11 =  869.9/s Avg:    52 Min:     3 Max:   688 Err:     0 (0.00%) Active: 50 Started: 50 Finished: 0
2024-11-06 11:32:43,513 INFO o.a.j.t.JMeterThread: Thread is done: Grupo de Hilos 1-11
2024-11-06 11:32:43,513 INFO o.a.j.t.JMeterThread: Thread finished: Grupo de Hilos 1-11
2024-11-06 11:32:43,526 INFO o.a.j.t.JMeterThread: Thread is done: Grupo de Hilos 1-34
2024-11-06 11:32:43,526 INFO o.a.j.t.JMeterThread: Thread finished: Grupo de Hilos 1-34
2024-11-06 11:32:43,527 INFO o.a.j.t.JMeterThread: Thread is done: Grupo de Hilos 1-17
2024-11-06 11:32:43,527 INFO o.a.j.t.JMeterThread: Thread finished: Grupo de Hilos 1-17
2024-11-06 11:32:43,527 INFO o.a.j.t.JMeterThread: Thread is done: Grupo de Hilos 1-42
2024-11-06 11:32:43,527 INFO o.a.j.t.JMeterThread: Thread finished: Grupo de Hilos 1-42
2024-11-06 11:32:43,527 INFO o.a.j.t.JMeterThread: Thread is done: Grupo de Hilos 1-9
2024-11-06 11:32:43,528 INFO o.a.j.t.JMeterThread: Thread finished: Grupo de Hilos 1-9
2024-11-06 11:32:43,533 INFO o.a.j.t.JMeterThread: Thread is done: Grupo de Hilos 1-3
2024-11-06 11:32:43,533 INFO o.a.j.t.JMeterThread: Thread is done: Grupo de Hilos 1-28
2024-11-06 11:32:43,533 INFO o.a.j.t.JMeterThread: Thread finished: Grupo de Hilos 1-3
2024-11-06 11:32:43,533 INFO o.a.j.t.JMeterThread: Thread finished: Grupo de Hilos 1-28
2024-11-06 11:32:43,533 INFO o.a.j.t.JMeterThread: Thread is done: Grupo de Hilos 1-5
2024-11-06 11:32:43,533 INFO o.a.j.t.JMeterThread: Thread finished: Grupo de Hilos 1-5
2024-11-06 11:32:43,533 INFO o.a.j.t.JMeterThread: Thread is done: Grupo de Hilos 1-2
2024-11-06 11:32:43,533 INFO o.a.j.t.JMeterThread: Thread finished: Grupo de Hilos 1-2
2024-11-06 11:32:43,534 INFO o.a.j.t.JMeterThread: Thread is done: Grupo de Hilos 1-15
2024-11-06 11:32:43,534 INFO o.a.j.t.JMeterThread: Thread is done: Grupo de Hilos 1-1
2024-11-06 11:32:43,534 INFO o.a.j.t.JMeterThread: Thread finished: Grupo de Hilos 1-15
2024-11-06 11:32:43,534 INFO o.a.j.t.JMeterThread: Thread finished: Grupo de Hilos 1-1
2024-11-06 11:32:43,535 INFO o.a.j.t.JMeterThread: Thread is done: Grupo de Hilos 1-12
2024-11-06 11:32:43,535 INFO o.a.j.t.JMeterThread: Thread is done: Grupo de Hilos 1-27
2024-11-06 11:32:43,535 INFO o.a.j.t.JMeterThread: Thread finished: Grupo de Hilos 1-12
2024-11-06 11:32:43,535 INFO o.a.j.t.JMeterThread: Thread finished: Grupo de Hilos 1-27
2024-11-06 11:32:43,536 INFO o.a.j.t.JMeterThread: Thread is done: Grupo de Hilos 1-4
2024-11-06 11:32:43,537 INFO o.a.j.t.JMeterThread: Thread finished: Grupo de Hilos 1-4
2024-11-06 11:32:43,537 INFO o.a.j.t.JMeterThread: Thread is done: Grupo de Hilos 1-7
2024-11-06 11:32:43,537 INFO o.a.j.t.JMeterThread: Thread finished: Grupo de Hilos 1-7
2024-11-06 11:32:43,537 INFO o.a.j.t.JMeterThread: Thread is done: Grupo de Hilos 1-33
2024-11-06 11:32:43,537 INFO o.a.j.t.JMeterThread: Thread finished: Grupo de Hilos 1-33
2024-11-06 11:32:43,544 INFO o.a.j.t.JMeterThread: Thread is done: Grupo de Hilos 1-44
2024-11-06 11:32:43,544 INFO o.a.j.t.JMeterThread: Thread finished: Grupo de Hilos 1-44
2024-11-06 11:32:43,544 INFO o.a.j.t.JMeterThread: Thread is done: Grupo de Hilos 1-36
2024-11-06 11:32:43,544 INFO o.a.j.t.JMeterThread: Thread finished: Grupo de Hilos 1-36
2024-11-06 11:32:43,545 INFO o.a.j.t.JMeterThread: Thread is done: Grupo de Hilos 1-8
2024-11-06 11:32:43,545 INFO o.a.j.t.JMeterThread: Thread finished: Grupo de Hilos 1-8
2024-11-06 11:32:43,546 INFO o.a.j.t.JMeterThread: Thread is done: Grupo de Hilos 1-31
2024-11-06 11:32:43,546 INFO o.a.j.t.JMeterThread: Thread finished: Grupo de Hilos 1-31
2024-11-06 11:32:43,546 INFO o.a.j.t.JMeterThread: Thread is done: Grupo de Hilos 1-14
2024-11-06 11:32:43,546 INFO o.a.j.t.JMeterThread: Thread finished: Grupo de Hilos 1-14
2024-11-06 11:32:43,547 INFO o.a.j.t.JMeterThread: Thread is done: Grupo de Hilos 1-16
2024-11-06 11:32:43,547 INFO o.a.j.t.JMeterThread: Thread finished: Grupo de Hilos 1-16
2024-11-06 11:32:43,547 INFO o.a.j.t.JMeterThread: Thread is done: Grupo de Hilos 1-21
2024-11-06 11:32:43,547 INFO o.a.j.t.JMeterThread: Thread finished: Grupo de Hilos 1-21
2024-11-06 11:32:43,548 INFO o.a.j.t.JMeterThread: Thread is done: Grupo de Hilos 1-20
2024-11-06 11:32:43,548 INFO o.a.j.t.JMeterThread: Thread is done: Grupo de Hilos 1-13
2024-11-06 11:32:43,548 INFO o.a.j.t.JMeterThread: Thread finished: Grupo de Hilos 1-20
2024-11-06 11:32:43,548 INFO o.a.j.t.JMeterThread: Thread finished: Grupo de Hilos 1-13
2024-11-06 11:32:43,548 INFO o.a.j.t.JMeterThread: Thread is done: Grupo de Hilos 1-10
2024-11-06 11:32:43,549 INFO o.a.j.t.JMeterThread: Thread finished: Grupo de Hilos 1-10
2024-11-06 11:32:43,552 INFO o.a.j.t.JMeterThread: Thread is done: Grupo de Hilos 1-45
2024-11-06 11:32:43,552 INFO o.a.j.t.JMeterThread: Thread finished: Grupo de Hilos 1-45
2024-11-06 11:32:43,552 INFO o.a.j.t.JMeterThread: Thread is done: Grupo de Hilos 1-41
2024-11-06 11:32:43,552 INFO o.a.j.t.JMeterThread: Thread finished: Grupo de Hilos 1-41
2024-11-06 11:32:43,557 INFO o.a.j.t.JMeterThread: Thread is done: Grupo de Hilos 1-6
2024-11-06 11:32:43,557 INFO o.a.j.t.JMeterThread: Thread finished: Grupo de Hilos 1-6
2024-11-06 11:32:43,558 INFO o.a.j.t.JMeterThread: Thread is done: Grupo de Hilos 1-37
2024-11-06 11:32:43,558 INFO o.a.j.t.JMeterThread: Thread finished: Grupo de Hilos 1-37
2024-11-06 11:32:43,559 INFO o.a.j.t.JMeterThread: Thread is done: Grupo de Hilos 1-22
2024-11-06 11:32:43,559 INFO o.a.j.t.JMeterThread: Thread finished: Grupo de Hilos 1-22
2024-11-06 11:32:43,560 INFO o.a.j.t.JMeterThread: Thread is done: Grupo de Hilos 1-29
2024-11-06 11:32:43,560 INFO o.a.j.t.JMeterThread: Thread finished: Grupo de Hilos 1-29
2024-11-06 11:32:43,561 INFO o.a.j.t.JMeterThread: Thread is done: Grupo de Hilos 1-35
2024-11-06 11:32:43,562 INFO o.a.j.t.JMeterThread: Thread finished: Grupo de Hilos 1-35
2024-11-06 11:32:43,562 INFO o.a.j.t.JMeterThread: Thread is done: Grupo de Hilos 1-23
2024-11-06 11:32:43,563 INFO o.a.j.t.JMeterThread: Thread finished: Grupo de Hilos 1-23
2024-11-06 11:32:43,564 INFO o.a.j.t.JMeterThread: Thread is done: Grupo de Hilos 1-30
2024-11-06 11:32:43,564 INFO o.a.j.t.JMeterThread: Thread is done: Grupo de Hilos 1-18
2024-11-06 11:32:43,564 INFO o.a.j.t.JMeterThread: Thread finished: Grupo de Hilos 1-30
2024-11-06 11:32:43,564 INFO o.a.j.t.JMeterThread: Thread finished: Grupo de Hilos 1-18
2024-11-06 11:32:43,565 INFO o.a.j.t.JMeterThread: Thread is done: Grupo de Hilos 1-38
2024-11-06 11:32:43,565 INFO o.a.j.t.JMeterThread: Thread finished: Grupo de Hilos 1-38
2024-11-06 11:32:43,567 INFO o.a.j.t.JMeterThread: Thread is done: Grupo de Hilos 1-49
2024-11-06 11:32:43,567 INFO o.a.j.t.JMeterThread: Thread finished: Grupo de Hilos 1-49
2024-11-06 11:32:43,567 INFO o.a.j.t.JMeterThread: Thread is done: Grupo de Hilos 1-43
2024-11-06 11:32:43,567 INFO o.a.j.t.JMeterThread: Thread finished: Grupo de Hilos 1-43
2024-11-06 11:32:43,572 INFO o.a.j.t.JMeterThread: Thread is done: Grupo de Hilos 1-26
2024-11-06 11:32:43,572 INFO o.a.j.t.JMeterThread: Thread finished: Grupo de Hilos 1-26
2024-11-06 11:32:43,573 INFO o.a.j.t.JMeterThread: Thread is done: Grupo de Hilos 1-39
2024-11-06 11:32:43,573 INFO o.a.j.t.JMeterThread: Thread finished: Grupo de Hilos 1-39
2024-11-06 11:32:43,574 INFO o.a.j.t.JMeterThread: Thread is done: Grupo de Hilos 1-32
2024-11-06 11:32:43,574 INFO o.a.j.t.JMeterThread: Thread finished: Grupo de Hilos 1-32
2024-11-06 11:32:43,574 INFO o.a.j.t.JMeterThread: Thread is done: Grupo de Hilos 1-40
2024-11-06 11:32:43,574 INFO o.a.j.t.JMeterThread: Thread finished: Grupo de Hilos 1-40
2024-11-06 11:32:43,574 INFO o.a.j.t.JMeterThread: Thread is done: Grupo de Hilos 1-50
2024-11-06 11:32:43,574 INFO o.a.j.t.JMeterThread: Thread finished: Grupo de Hilos 1-50
2024-11-06 11:32:43,576 INFO o.a.j.t.JMeterThread: Thread is done: Grupo de Hilos 1-25
2024-11-06 11:32:43,576 INFO o.a.j.t.JMeterThread: Thread is done: Grupo de Hilos 1-47
2024-11-06 11:32:43,576 INFO o.a.j.t.JMeterThread: Thread finished: Grupo de Hilos 1-25
2024-11-06 11:32:43,577 INFO o.a.j.t.JMeterThread: Thread finished: Grupo de Hilos 1-47
2024-11-06 11:32:43,578 INFO o.a.j.t.JMeterThread: Thread is done: Grupo de Hilos 1-46
2024-11-06 11:32:43,578 INFO o.a.j.t.JMeterThread: Thread finished: Grupo de Hilos 1-46
2024-11-06 11:32:43,579 INFO o.a.j.t.JMeterThread: Thread is done: Grupo de Hilos 1-48
2024-11-06 11:32:43,579 INFO o.a.j.t.JMeterThread: Thread finished: Grupo de Hilos 1-48
2024-11-06 11:32:43,580 INFO o.a.j.t.JMeterThread: Thread is done: Grupo de Hilos 1-24
2024-11-06 11:32:43,580 INFO o.a.j.t.JMeterThread: Thread finished: Grupo de Hilos 1-24
2024-11-06 11:32:43,582 INFO o.a.j.t.JMeterThread: Thread is done: Grupo de Hilos 1-19
2024-11-06 11:32:43,582 INFO o.a.j.t.JMeterThread: Thread finished: Grupo de Hilos 1-19
2024-11-06 11:32:43,583 INFO o.a.j.e.StandardJMeterEngine: Notifying test listeners of end of test
2024-11-06 11:32:43,584 INFO o.a.j.r.Summariser: summary +  90232 in 00:00:14 = 6668.5/s Avg:     5 Min:     0 Max:   183 Err:     0 (0.00%) Active: 0 Started: 50 Finished: 50
2024-11-06 11:32:43,585 INFO o.a.j.r.Summariser: summary = 100000 in 00:00:25 = 4038.6/s Avg:    10 Min:     0 Max:   688 Err:     0 (0.00%)
2024-11-06 11:32:43,587 INFO o.a.j.JMeter: Generating Dashboard
2024-11-06 11:32:43,587 INFO o.a.j.r.d.ReportGenerator: Flushing result collector before report Generation
2024-11-06 11:32:43,603 INFO o.a.j.r.p.NormalizerSampleConsumer: Using format, 'ms', to parse timeStamp field
2024-11-06 11:32:46,216 INFO o.a.j.r.p.AbstractSampleConsumer: class org.apache.jmeter.report.processor.AggregateConsumer#stopProducing(): beginDate produced 0 samples
2024-11-06 11:32:46,216 INFO o.a.j.r.p.AbstractSampleConsumer: class org.apache.jmeter.report.processor.AggregateConsumer#stopProducing(): endDate produced 0 samples
2024-11-06 11:32:46,217 INFO o.a.j.r.p.AbstractSampleConsumer: class org.apache.jmeter.report.processor.ApdexSummaryConsumer#stopProducing(): apdexSummary produced 0 samples
2024-11-06 11:32:46,218 INFO o.a.j.r.p.AbstractSampleConsumer: class org.apache.jmeter.report.processor.RequestsSummaryConsumer#stopProducing(): requestsSummary produced 0 samples
2024-11-06 11:32:46,231 INFO o.a.j.r.p.AbstractSampleConsumer: class org.apache.jmeter.report.processor.StatisticsSummaryConsumer#stopProducing(): statisticsSummary produced 0 samples
2024-11-06 11:32:46,233 INFO o.a.j.r.p.AbstractSampleConsumer: class org.apache.jmeter.report.processor.Top5ErrorsBySamplerConsumer#stopProducing(): top5ErrorsBySampler produced 0 samples
2024-11-06 11:32:46,234 INFO o.a.j.r.p.AbstractSampleConsumer: class org.apache.jmeter.report.processor.ErrorsSummaryConsumer#stopProducing(): errorsSummary produced 0 samples
2024-11-06 11:32:46,234 INFO o.a.j.r.p.AbstractSampleConsumer: class org.apache.jmeter.report.processor.graph.impl.HitsPerSecondGraphConsumer#stopProducing(): hitsPerSecond produced 0 samples
2024-11-06 11:32:47,063 INFO o.a.j.r.p.AbstractSampleConsumer: class org.apache.jmeter.report.processor.graph.impl.LatencyVSRequestGraphConsumer#stopProducing(): latencyVsRequest produced 0 samples
2024-11-06 11:32:47,066 INFO o.a.j.r.p.AbstractSampleConsumer: class org.apache.jmeter.report.processor.graph.impl.SyntheticResponseTimeDistributionGraphConsumer#stopProducing(): syntheticResponseTimeDistribution produced 0 samples
2024-11-06 11:32:47,067 INFO o.a.j.r.p.AbstractSampleConsumer: class org.apache.jmeter.report.processor.graph.impl.BytesThroughputGraphConsumer#stopProducing(): bytesThroughputOverTime produced 0 samples
2024-11-06 11:32:47,067 INFO o.a.j.r.p.AbstractSampleConsumer: class org.apache.jmeter.report.processor.graph.impl.CodesPerSecondGraphConsumer#stopProducing(): codesPerSecond produced 0 samples
2024-11-06 11:32:47,810 INFO o.a.j.r.p.AbstractSampleConsumer: class org.apache.jmeter.report.processor.graph.impl.ResponseTimeVSRequestGraphConsumer#stopProducing(): responseTimeVsRequest produced 0 samples
2024-11-06 11:32:47,811 INFO o.a.j.r.p.AbstractSampleConsumer: class org.apache.jmeter.report.processor.FilterConsumer#stopProducing(): startIntervalControlerFilter produced 700000 samples
2024-11-06 11:32:47,811 INFO o.a.j.r.p.AbstractSampleConsumer: class org.apache.jmeter.report.processor.graph.impl.TotalTPSGraphConsumer#stopProducing(): totalTPS produced 0 samples
2024-11-06 11:32:47,811 INFO o.a.j.r.p.AbstractSampleConsumer: class org.apache.jmeter.report.processor.graph.impl.ActiveThreadsGraphConsumer#stopProducing(): activeThreadsOverTime produced 0 samples
2024-11-06 11:32:47,811 INFO o.a.j.r.p.AbstractSampleConsumer: class org.apache.jmeter.report.processor.graph.impl.TimeVSThreadGraphConsumer#stopProducing(): timeVsThreads produced 0 samples
2024-11-06 11:32:47,812 INFO o.a.j.r.p.AbstractSampleConsumer: class org.apache.jmeter.report.processor.graph.impl.ResponseTimeDistributionGraphConsumer#stopProducing(): responseTimeDistribution produced 0 samples
2024-11-06 11:32:47,812 INFO o.a.j.r.p.AbstractSampleConsumer: class org.apache.jmeter.report.processor.graph.impl.TransactionsPerSecondGraphConsumer#stopProducing(): transactionsPerSecond produced 0 samples
2024-11-06 11:32:47,812 INFO o.a.j.r.p.AbstractSampleConsumer: class org.apache.jmeter.report.processor.graph.impl.ResponseTimePercentilesGraphConsumer#stopProducing(): responseTimePercentiles produced 0 samples
2024-11-06 11:32:47,815 INFO o.a.j.r.p.AbstractSampleConsumer: class org.apache.jmeter.report.processor.graph.impl.ResponseTimePercentilesOverTimeGraphConsumer#stopProducing(): responseTimePercentilesOverTime produced 0 samples
2024-11-06 11:32:47,816 INFO o.a.j.r.p.AbstractSampleConsumer: class org.apache.jmeter.report.processor.graph.impl.ResponseTimeOverTimeGraphConsumer#stopProducing(): responseTimesOverTime produced 0 samples
2024-11-06 11:32:47,817 INFO o.a.j.r.p.AbstractSampleConsumer: class org.apache.jmeter.report.processor.graph.impl.ConnectTimeOverTimeGraphConsumer#stopProducing(): connectTimeOverTime produced 0 samples
2024-11-06 11:32:47,817 INFO o.a.j.r.p.AbstractSampleConsumer: class org.apache.jmeter.report.processor.graph.impl.LatencyOverTimeGraphConsumer#stopProducing(): latenciesOverTime produced 0 samples
2024-11-06 11:32:47,817 INFO o.a.j.r.p.AbstractSampleConsumer: class org.apache.jmeter.report.processor.FilterConsumer#stopProducing(): nameFilter produced 1500000 samples
2024-11-06 11:32:47,817 INFO o.a.j.r.p.AbstractSampleConsumer: class org.apache.jmeter.report.processor.FilterConsumer#stopProducing(): dateRangeFilter produced 300000 samples
2024-11-06 11:32:47,817 INFO o.a.j.r.p.AbstractSampleConsumer: class org.apache.jmeter.report.processor.NormalizerSampleConsumer#stopProducing(): normalizer produced 100000 samples
2024-11-06 11:32:47,818 INFO o.a.j.r.p.CsvFileSampleSource: produce(): 100000 samples produced in 4s 185 ms on channel 0
2024-11-06 11:32:47,818 INFO o.a.j.r.d.ReportGenerator: Exporting data using exporter:'json' of className:'org.apache.jmeter.report.dashboard.JsonExporter'
2024-11-06 11:32:47,904 INFO o.a.j.r.d.JsonExporter: Found data for consumer statisticsSummary in context
2024-11-06 11:32:47,904 INFO o.a.j.r.d.JsonExporter: Creating statistics for overall
2024-11-06 11:32:47,905 INFO o.a.j.r.d.JsonExporter: Creating statistics for other transactions
2024-11-06 11:32:47,905 INFO o.a.j.r.d.JsonExporter: Checking output folder
2024-11-06 11:32:47,906 INFO o.a.j.r.d.JsonExporter: Writing statistics JSON to C:\Users\DJ\Documents\GitHub\concurrency-code-challenge-vertx\jmeter\test-reports\statistics.json
2024-11-06 11:32:47,957 INFO o.a.j.r.d.ReportGenerator: Exporting data using exporter:'html' of className:'org.apache.jmeter.report.dashboard.HtmlTemplateExporter'
2024-11-06 11:32:47,961 INFO o.a.j.r.d.HtmlTemplateExporter: Will generate dashboard in folder: C:\Users\DJ\Documents\GitHub\concurrency-code-challenge-vertx\jmeter\test-reports
2024-11-06 11:32:48,119 INFO o.a.j.r.d.HtmlTemplateExporter: Report will be generated in: C:\Users\DJ\Documents\GitHub\concurrency-code-challenge-vertx\jmeter\test-reports, creating folder structure
2024-11-06 11:32:48,121 INFO o.a.j.r.d.TemplateVisitor: Copying folder from 'C:\apache-jmeter-5.6.3\bin\report-template' to 'C:\Users\DJ\Documents\GitHub\concurrency-code-challenge-vertx\jmeter\test-reports', got message: C:\Users\DJ\Documents\GitHub\concurrency-code-challenge-vertx\jmeter\test-reports, found non empty folder with following content [C:\Users\DJ\Documents\GitHub\concurrency-code-challenge-vertx\jmeter\test-reports\statistics.json], will be ignored
2024-11-06 11:32:48,668 INFO o.a.j.JMeter: Dashboard generated
